Dec 12 2017 17:18:32
{"type":2,"message":"assert(): Assertion &quot;&quot; failed","file":"\/home3\/demo4zke\/public_html\/dev4\/makehappen\/wp-content\/plugins\/wp-dbase-cache\/wp-cache-main.php","line":219}

Dec 14 2017 05:16:52
{"type":2,"message":"assert(): Assertion &quot;&quot; failed","file":"\/home3\/demo4zke\/public_html\/dev4\/makehappen\/wp-content\/plugins\/wp-dbase-cache\/wp-cache-main.php","line":219}

Dec 14 2017 05:16:53
{"type":2,"message":"assert(): Assertion &quot;&quot; failed","file":"\/home3\/demo4zke\/public_html\/dev4\/makehappen\/wp-content\/plugins\/wp-dbase-cache\/wp-cache-main.php","line":219}

Dec 14 2017 05:16:54
{"type":2,"message":"assert(): Assertion &quot;&quot; failed","file":"\/home3\/demo4zke\/public_html\/dev4\/makehappen\/wp-content\/plugins\/wp-dbase-cache\/wp-cache-main.php","line":219}

Dec 14 2017 05:16:57
{"type":2,"message":"assert(): Assertion &quot;&quot; failed","file":"\/home3\/demo4zke\/public_html\/dev4\/makehappen\/wp-content\/plugins\/wp-dbase-cache\/wp-cache-main.php","line":219}

Dec 14 2017 05:17:08
{"type":2,"message":"assert(): Assertion &quot;&quot; failed","file":"\/home3\/demo4zke\/public_html\/dev4\/makehappen\/wp-content\/plugins\/wp-dbase-cache\/wp-cache-main.php","line":219}

Dec 14 2017 05:17:20
{"type":2,"message":"assert(): Assertion &quot;&quot; failed","file":"\/home3\/demo4zke\/public_html\/dev4\/makehappen\/wp-content\/plugins\/wp-dbase-cache\/wp-cache-main.php","line":219}

Dec 14 2017 05:17:30
{"type":2,"message":"assert(): Assertion &quot;&quot; failed","file":"\/home3\/demo4zke\/public_html\/dev4\/makehappen\/wp-content\/plugins\/wp-dbase-cache\/wp-cache-main.php","line":219}

Dec 14 2017 05:17:41
{"type":2,"message":"assert(): Assertion &quot;&quot; failed","file":"\/home3\/demo4zke\/public_html\/dev4\/makehappen\/wp-content\/plugins\/wp-dbase-cache\/wp-cache-main.php","line":219}

Dec 14 2017 05:17:52
{"type":2,"message":"assert(): Assertion &quot;&quot; failed","file":"\/home3\/demo4zke\/public_html\/dev4\/makehappen\/wp-content\/plugins\/wp-dbase-cache\/wp-cache-main.php","line":219}

Dec 14 2017 05:18:04
{"type":2,"message":"assert(): Assertion &quot;&quot; failed","file":"\/home3\/demo4zke\/public_html\/dev4\/makehappen\/wp-content\/plugins\/wp-dbase-cache\/wp-cache-main.php","line":219}

Dec 14 2017 05:18:15
{"type":2,"message":"assert(): Assertion &quot;&quot; failed","file":"\/home3\/demo4zke\/public_html\/dev4\/makehappen\/wp-content\/plugins\/wp-dbase-cache\/wp-cache-main.php","line":219}

Dec 14 2017 05:18:18
{"type":2,"message":"assert(): Assertion &quot;&quot; failed","file":"\/home3\/demo4zke\/public_html\/dev4\/makehappen\/wp-content\/plugins\/wp-dbase-cache\/wp-cache-main.php","line":219}

Dec 14 2017 05:18:18
{"type":2,"message":"assert(): Assertion &quot;&quot; failed","file":"\/home3\/demo4zke\/public_html\/dev4\/makehappen\/wp-content\/plugins\/wp-dbase-cache\/wp-cache-main.php","line":219}

Dec 14 2017 05:18:19
{"type":2,"message":"assert(): Assertion &quot;&quot; failed","file":"\/home3\/demo4zke\/public_html\/dev4\/makehappen\/wp-content\/plugins\/wp-dbase-cache\/wp-cache-main.php","line":219}

Dec 14 2017 05:18:20
{"type":2,"message":"assert(): Assertion &quot;&quot; failed","file":"\/home3\/demo4zke\/public_html\/dev4\/makehappen\/wp-content\/plugins\/wp-dbase-cache\/wp-cache-main.php","line":219}

Dec 14 2017 05:18:21
{"type":2,"message":"assert(): Assertion &quot;&quot; failed","file":"\/home3\/demo4zke\/public_html\/dev4\/makehappen\/wp-content\/plugins\/wp-dbase-cache\/wp-cache-main.php","line":219}

Dec 22 2017 07:32:04
{"Number":2,"Message":"mkdir(): Disk quota exceeded","File":"\/home3\/demo4zke\/public_html\/dev4\/makehappen\/wp-content\/plugins\/all-in-one-wp-migration\/functions.php","Line":40}

Dec 22 2017 07:32:04
{"Number":2,"Message":"fopen(\/home3\/demo4zke\/public_html\/dev4\/makehappen\/wp-content\/plugins\/all-in-one-wp-migration\/storage\/7brgyynivij7\/export.log): failed to open stream: No such file or directory","File":"\/home3\/demo4zke\/public_html\/dev4\/makehappen\/wp-content\/plugins\/all-in-one-wp-migration\/functions.php","Line":831}

Dec 22 2017 07:32:04
{"Number":2,"Message":"mkdir(): Disk quota exceeded","File":"\/home3\/demo4zke\/public_html\/dev4\/makehappen\/wp-content\/plugins\/all-in-one-wp-migration\/functions.php","Line":40}

Dec 22 2017 07:32:04
{"type":1,"message":"Uncaught exception 'UnexpectedValueException' with message 'RecursiveDirectoryIterator::__construct(\/home3\/demo4zke\/public_html\/dev4\/makehappen\/wp-content\/plugins\/all-in-one-wp-migration\/storage\/7brgyynivij7): failed to open dir: No such file or directory' in \/home3\/demo4zke\/public_html\/dev4\/makehappen\/wp-content\/plugins\/all-in-one-wp-migration\/lib\/vendor\/servmask\/iterator\/class-ai1wm-recursive-directory-iterator.php:31\nStack trace:\n#0 \/home3\/demo4zke\/public_html\/dev4\/makehappen\/wp-content\/plugins\/all-in-one-wp-migration\/lib\/vendor\/servmask\/iterator\/class-ai1wm-recursive-directory-iterator.php(31): RecursiveDirectoryIterator->__construct('\/home3\/demo4zke...')\n#1 \/home3\/demo4zke\/public_html\/dev4\/makehappen\/wp-content\/plugins\/all-in-one-wp-migration\/lib\/vendor\/servmask\/filesystem\/class-ai1wm-directory.php(39): Ai1wm_Recursive_Directory_Iterator->__construct('\/home3\/demo4zke...')\n#2 \/home3\/demo4zke\/public_html\/dev4\/makehappen\/wp-content\/plugins\/all-in-one-wp-migration\/lib\/controller\/class-ai1wm-export-controller","file":"\/home3\/demo4zke\/public_html\/dev4\/makehappen\/wp-content\/plugins\/all-in-one-wp-migration\/lib\/vendor\/servmask\/iterator\/class-ai1wm-recursive-directory-iterator.php","line":31}

Dec 22 2017 07:32:05
{"Number":2,"Message":"mkdir(): Disk quota exceeded","File":"\/home3\/demo4zke\/public_html\/dev4\/makehappen\/wp-content\/plugins\/all-in-one-wp-migration\/functions.php","Line":40}

Dec 22 2017 07:32:05
{"Number":2,"Message":"fopen(\/home3\/demo4zke\/public_html\/dev4\/makehappen\/wp-content\/plugins\/all-in-one-wp-migration\/storage\/7brgyynivij7\/export.log): failed to open stream: No such file or directory","File":"\/home3\/demo4zke\/public_html\/dev4\/makehappen\/wp-content\/plugins\/all-in-one-wp-migration\/functions.php","Line":831}

Dec 22 2017 07:32:05
{"Number":2,"Message":"mkdir(): Disk quota exceeded","File":"\/home3\/demo4zke\/public_html\/dev4\/makehappen\/wp-content\/plugins\/all-in-one-wp-migration\/functions.php","Line":40}

Dec 22 2017 07:32:05
{"type":1,"message":"Uncaught exception 'UnexpectedValueException' with message 'RecursiveDirectoryIterator::__construct(\/home3\/demo4zke\/public_html\/dev4\/makehappen\/wp-content\/plugins\/all-in-one-wp-migration\/storage\/7brgyynivij7): failed to open dir: No such file or directory' in \/home3\/demo4zke\/public_html\/dev4\/makehappen\/wp-content\/plugins\/all-in-one-wp-migration\/lib\/vendor\/servmask\/iterator\/class-ai1wm-recursive-directory-iterator.php:31\nStack trace:\n#0 \/home3\/demo4zke\/public_html\/dev4\/makehappen\/wp-content\/plugins\/all-in-one-wp-migration\/lib\/vendor\/servmask\/iterator\/class-ai1wm-recursive-directory-iterator.php(31): RecursiveDirectoryIterator->__construct('\/home3\/demo4zke...')\n#1 \/home3\/demo4zke\/public_html\/dev4\/makehappen\/wp-content\/plugins\/all-in-one-wp-migration\/lib\/vendor\/servmask\/filesystem\/class-ai1wm-directory.php(39): Ai1wm_Recursive_Directory_Iterator->__construct('\/home3\/demo4zke...')\n#2 \/home3\/demo4zke\/public_html\/dev4\/makehappen\/wp-content\/plugins\/all-in-one-wp-migration\/lib\/controller\/class-ai1wm-export-controller","file":"\/home3\/demo4zke\/public_html\/dev4\/makehappen\/wp-content\/plugins\/all-in-one-wp-migration\/lib\/vendor\/servmask\/iterator\/class-ai1wm-recursive-directory-iterator.php","line":31}

Dec 22 2017 07:32:07
{"Number":2,"Message":"mkdir(): Disk quota exceeded","File":"\/home3\/demo4zke\/public_html\/dev4\/makehappen\/wp-content\/plugins\/all-in-one-wp-migration\/functions.php","Line":40}

Dec 22 2017 07:32:07
{"Number":2,"Message":"fopen(\/home3\/demo4zke\/public_html\/dev4\/makehappen\/wp-content\/plugins\/all-in-one-wp-migration\/storage\/7brgyynivij7\/export.log): failed to open stream: No such file or directory","File":"\/home3\/demo4zke\/public_html\/dev4\/makehappen\/wp-content\/plugins\/all-in-one-wp-migration\/functions.php","Line":831}

Dec 22 2017 07:32:07
{"Number":2,"Message":"mkdir(): Disk quota exceeded","File":"\/home3\/demo4zke\/public_html\/dev4\/makehappen\/wp-content\/plugins\/all-in-one-wp-migration\/functions.php","Line":40}

Dec 22 2017 07:32:07
{"type":1,"message":"Uncaught exception 'UnexpectedValueException' with message 'RecursiveDirectoryIterator::__construct(\/home3\/demo4zke\/public_html\/dev4\/makehappen\/wp-content\/plugins\/all-in-one-wp-migration\/storage\/7brgyynivij7): failed to open dir: No such file or directory' in \/home3\/demo4zke\/public_html\/dev4\/makehappen\/wp-content\/plugins\/all-in-one-wp-migration\/lib\/vendor\/servmask\/iterator\/class-ai1wm-recursive-directory-iterator.php:31\nStack trace:\n#0 \/home3\/demo4zke\/public_html\/dev4\/makehappen\/wp-content\/plugins\/all-in-one-wp-migration\/lib\/vendor\/servmask\/iterator\/class-ai1wm-recursive-directory-iterator.php(31): RecursiveDirectoryIterator->__construct('\/home3\/demo4zke...')\n#1 \/home3\/demo4zke\/public_html\/dev4\/makehappen\/wp-content\/plugins\/all-in-one-wp-migration\/lib\/vendor\/servmask\/filesystem\/class-ai1wm-directory.php(39): Ai1wm_Recursive_Directory_Iterator->__construct('\/home3\/demo4zke...')\n#2 \/home3\/demo4zke\/public_html\/dev4\/makehappen\/wp-content\/plugins\/all-in-one-wp-migration\/lib\/controller\/class-ai1wm-export-controller","file":"\/home3\/demo4zke\/public_html\/dev4\/makehappen\/wp-content\/plugins\/all-in-one-wp-migration\/lib\/vendor\/servmask\/iterator\/class-ai1wm-recursive-directory-iterator.php","line":31}

Dec 22 2017 07:32:09
{"Number":2,"Message":"mkdir(): Disk quota exceeded","File":"\/home3\/demo4zke\/public_html\/dev4\/makehappen\/wp-content\/plugins\/all-in-one-wp-migration\/functions.php","Line":40}

Dec 22 2017 07:32:09
{"Number":2,"Message":"fopen(\/home3\/demo4zke\/public_html\/dev4\/makehappen\/wp-content\/plugins\/all-in-one-wp-migration\/storage\/7brgyynivij7\/export.log): failed to open stream: No such file or directory","File":"\/home3\/demo4zke\/public_html\/dev4\/makehappen\/wp-content\/plugins\/all-in-one-wp-migration\/functions.php","Line":831}

Dec 22 2017 07:32:09
{"Number":2,"Message":"mkdir(): Disk quota exceeded","File":"\/home3\/demo4zke\/public_html\/dev4\/makehappen\/wp-content\/plugins\/all-in-one-wp-migration\/functions.php","Line":40}

Dec 22 2017 07:32:09
{"type":1,"message":"Uncaught exception 'UnexpectedValueException' with message 'RecursiveDirectoryIterator::__construct(\/home3\/demo4zke\/public_html\/dev4\/makehappen\/wp-content\/plugins\/all-in-one-wp-migration\/storage\/7brgyynivij7): failed to open dir: No such file or directory' in \/home3\/demo4zke\/public_html\/dev4\/makehappen\/wp-content\/plugins\/all-in-one-wp-migration\/lib\/vendor\/servmask\/iterator\/class-ai1wm-recursive-directory-iterator.php:31\nStack trace:\n#0 \/home3\/demo4zke\/public_html\/dev4\/makehappen\/wp-content\/plugins\/all-in-one-wp-migration\/lib\/vendor\/servmask\/iterator\/class-ai1wm-recursive-directory-iterator.php(31): RecursiveDirectoryIterator->__construct('\/home3\/demo4zke...')\n#1 \/home3\/demo4zke\/public_html\/dev4\/makehappen\/wp-content\/plugins\/all-in-one-wp-migration\/lib\/vendor\/servmask\/filesystem\/class-ai1wm-directory.php(39): Ai1wm_Recursive_Directory_Iterator->__construct('\/home3\/demo4zke...')\n#2 \/home3\/demo4zke\/public_html\/dev4\/makehappen\/wp-content\/plugins\/all-in-one-wp-migration\/lib\/controller\/class-ai1wm-export-controller","file":"\/home3\/demo4zke\/public_html\/dev4\/makehappen\/wp-content\/plugins\/all-in-one-wp-migration\/lib\/vendor\/servmask\/iterator\/class-ai1wm-recursive-directory-iterator.php","line":31}

Dec 22 2017 07:32:13
{"Number":2,"Message":"mkdir(): Disk quota exceeded","File":"\/home3\/demo4zke\/public_html\/dev4\/makehappen\/wp-content\/plugins\/all-in-one-wp-migration\/functions.php","Line":40}

Dec 22 2017 07:32:13
{"Number":2,"Message":"fopen(\/home3\/demo4zke\/public_html\/dev4\/makehappen\/wp-content\/plugins\/all-in-one-wp-migration\/storage\/7brgyynivij7\/export.log): failed to open stream: No such file or directory","File":"\/home3\/demo4zke\/public_html\/dev4\/makehappen\/wp-content\/plugins\/all-in-one-wp-migration\/functions.php","Line":831}

Dec 22 2017 07:32:13
{"Number":2,"Message":"mkdir(): Disk quota exceeded","File":"\/home3\/demo4zke\/public_html\/dev4\/makehappen\/wp-content\/plugins\/all-in-one-wp-migration\/functions.php","Line":40}

Dec 22 2017 07:32:13
{"type":1,"message":"Uncaught exception 'UnexpectedValueException' with message 'RecursiveDirectoryIterator::__construct(\/home3\/demo4zke\/public_html\/dev4\/makehappen\/wp-content\/plugins\/all-in-one-wp-migration\/storage\/7brgyynivij7): failed to open dir: No such file or directory' in \/home3\/demo4zke\/public_html\/dev4\/makehappen\/wp-content\/plugins\/all-in-one-wp-migration\/lib\/vendor\/servmask\/iterator\/class-ai1wm-recursive-directory-iterator.php:31\nStack trace:\n#0 \/home3\/demo4zke\/public_html\/dev4\/makehappen\/wp-content\/plugins\/all-in-one-wp-migration\/lib\/vendor\/servmask\/iterator\/class-ai1wm-recursive-directory-iterator.php(31): RecursiveDirectoryIterator->__construct('\/home3\/demo4zke...')\n#1 \/home3\/demo4zke\/public_html\/dev4\/makehappen\/wp-content\/plugins\/all-in-one-wp-migration\/lib\/vendor\/servmask\/filesystem\/class-ai1wm-directory.php(39): Ai1wm_Recursive_Directory_Iterator->__construct('\/home3\/demo4zke...')\n#2 \/home3\/demo4zke\/public_html\/dev4\/makehappen\/wp-content\/plugins\/all-in-one-wp-migration\/lib\/controller\/class-ai1wm-export-controller","file":"\/home3\/demo4zke\/public_html\/dev4\/makehappen\/wp-content\/plugins\/all-in-one-wp-migration\/lib\/vendor\/servmask\/iterator\/class-ai1wm-recursive-directory-iterator.php","line":31}

Dec 22 2017 07:32:18
{"Number":2,"Message":"mkdir(): Disk quota exceeded","File":"\/home3\/demo4zke\/public_html\/dev4\/makehappen\/wp-content\/plugins\/all-in-one-wp-migration\/functions.php","Line":40}

Dec 22 2017 07:32:18
{"Number":2,"Message":"fopen(\/home3\/demo4zke\/public_html\/dev4\/makehappen\/wp-content\/plugins\/all-in-one-wp-migration\/storage\/7brgyynivij7\/export.log): failed to open stream: No such file or directory","File":"\/home3\/demo4zke\/public_html\/dev4\/makehappen\/wp-content\/plugins\/all-in-one-wp-migration\/functions.php","Line":831}

Dec 22 2017 07:32:18
{"Number":2,"Message":"mkdir(): Disk quota exceeded","File":"\/home3\/demo4zke\/public_html\/dev4\/makehappen\/wp-content\/plugins\/all-in-one-wp-migration\/functions.php","Line":40}

Dec 22 2017 07:32:18
{"type":1,"message":"Uncaught exception 'UnexpectedValueException' with message 'RecursiveDirectoryIterator::__construct(\/home3\/demo4zke\/public_html\/dev4\/makehappen\/wp-content\/plugins\/all-in-one-wp-migration\/storage\/7brgyynivij7): failed to open dir: No such file or directory' in \/home3\/demo4zke\/public_html\/dev4\/makehappen\/wp-content\/plugins\/all-in-one-wp-migration\/lib\/vendor\/servmask\/iterator\/class-ai1wm-recursive-directory-iterator.php:31\nStack trace:\n#0 \/home3\/demo4zke\/public_html\/dev4\/makehappen\/wp-content\/plugins\/all-in-one-wp-migration\/lib\/vendor\/servmask\/iterator\/class-ai1wm-recursive-directory-iterator.php(31): RecursiveDirectoryIterator->__construct('\/home3\/demo4zke...')\n#1 \/home3\/demo4zke\/public_html\/dev4\/makehappen\/wp-content\/plugins\/all-in-one-wp-migration\/lib\/vendor\/servmask\/filesystem\/class-ai1wm-directory.php(39): Ai1wm_Recursive_Directory_Iterator->__construct('\/home3\/demo4zke...')\n#2 \/home3\/demo4zke\/public_html\/dev4\/makehappen\/wp-content\/plugins\/all-in-one-wp-migration\/lib\/controller\/class-ai1wm-export-controller","file":"\/home3\/demo4zke\/public_html\/dev4\/makehappen\/wp-content\/plugins\/all-in-one-wp-migration\/lib\/vendor\/servmask\/iterator\/class-ai1wm-recursive-directory-iterator.php","line":31}

Dec 22 2017 07:32:46
{"Number":2,"Message":"mkdir(): Disk quota exceeded","File":"\/home3\/demo4zke\/public_html\/dev4\/makehappen\/wp-content\/plugins\/all-in-one-wp-migration\/functions.php","Line":40}

Dec 22 2017 07:32:46
{"Number":2,"Message":"fopen(\/home3\/demo4zke\/public_html\/dev4\/makehappen\/wp-content\/plugins\/all-in-one-wp-migration\/storage\/hr282ywflb57\/export.log): failed to open stream: No such file or directory","File":"\/home3\/demo4zke\/public_html\/dev4\/makehappen\/wp-content\/plugins\/all-in-one-wp-migration\/functions.php","Line":831}

Dec 22 2017 07:32:46
{"Number":2,"Message":"mkdir(): Disk quota exceeded","File":"\/home3\/demo4zke\/public_html\/dev4\/makehappen\/wp-content\/plugins\/all-in-one-wp-migration\/functions.php","Line":40}

Dec 22 2017 07:32:46
{"type":1,"message":"Uncaught exception 'UnexpectedValueException' with message 'RecursiveDirectoryIterator::__construct(\/home3\/demo4zke\/public_html\/dev4\/makehappen\/wp-content\/plugins\/all-in-one-wp-migration\/storage\/hr282ywflb57): failed to open dir: No such file or directory' in \/home3\/demo4zke\/public_html\/dev4\/makehappen\/wp-content\/plugins\/all-in-one-wp-migration\/lib\/vendor\/servmask\/iterator\/class-ai1wm-recursive-directory-iterator.php:31\nStack trace:\n#0 \/home3\/demo4zke\/public_html\/dev4\/makehappen\/wp-content\/plugins\/all-in-one-wp-migration\/lib\/vendor\/servmask\/iterator\/class-ai1wm-recursive-directory-iterator.php(31): RecursiveDirectoryIterator->__construct('\/home3\/demo4zke...')\n#1 \/home3\/demo4zke\/public_html\/dev4\/makehappen\/wp-content\/plugins\/all-in-one-wp-migration\/lib\/vendor\/servmask\/filesystem\/class-ai1wm-directory.php(39): Ai1wm_Recursive_Directory_Iterator->__construct('\/home3\/demo4zke...')\n#2 \/home3\/demo4zke\/public_html\/dev4\/makehappen\/wp-content\/plugins\/all-in-one-wp-migration\/lib\/controller\/class-ai1wm-export-controller","file":"\/home3\/demo4zke\/public_html\/dev4\/makehappen\/wp-content\/plugins\/all-in-one-wp-migration\/lib\/vendor\/servmask\/iterator\/class-ai1wm-recursive-directory-iterator.php","line":31}

Dec 22 2017 07:32:47
{"Number":2,"Message":"mkdir(): Disk quota exceeded","File":"\/home3\/demo4zke\/public_html\/dev4\/makehappen\/wp-content\/plugins\/all-in-one-wp-migration\/functions.php","Line":40}

Dec 22 2017 07:32:47
{"Number":2,"Message":"fopen(\/home3\/demo4zke\/public_html\/dev4\/makehappen\/wp-content\/plugins\/all-in-one-wp-migration\/storage\/hr282ywflb57\/export.log): failed to open stream: No such file or directory","File":"\/home3\/demo4zke\/public_html\/dev4\/makehappen\/wp-content\/plugins\/all-in-one-wp-migration\/functions.php","Line":831}

Dec 22 2017 07:32:47
{"Number":2,"Message":"mkdir(): Disk quota exceeded","File":"\/home3\/demo4zke\/public_html\/dev4\/makehappen\/wp-content\/plugins\/all-in-one-wp-migration\/functions.php","Line":40}

Dec 22 2017 07:32:47
{"type":1,"message":"Uncaught exception 'UnexpectedValueException' with message 'RecursiveDirectoryIterator::__construct(\/home3\/demo4zke\/public_html\/dev4\/makehappen\/wp-content\/plugins\/all-in-one-wp-migration\/storage\/hr282ywflb57): failed to open dir: No such file or directory' in \/home3\/demo4zke\/public_html\/dev4\/makehappen\/wp-content\/plugins\/all-in-one-wp-migration\/lib\/vendor\/servmask\/iterator\/class-ai1wm-recursive-directory-iterator.php:31\nStack trace:\n#0 \/home3\/demo4zke\/public_html\/dev4\/makehappen\/wp-content\/plugins\/all-in-one-wp-migration\/lib\/vendor\/servmask\/iterator\/class-ai1wm-recursive-directory-iterator.php(31): RecursiveDirectoryIterator->__construct('\/home3\/demo4zke...')\n#1 \/home3\/demo4zke\/public_html\/dev4\/makehappen\/wp-content\/plugins\/all-in-one-wp-migration\/lib\/vendor\/servmask\/filesystem\/class-ai1wm-directory.php(39): Ai1wm_Recursive_Directory_Iterator->__construct('\/home3\/demo4zke...')\n#2 \/home3\/demo4zke\/public_html\/dev4\/makehappen\/wp-content\/plugins\/all-in-one-wp-migration\/lib\/controller\/class-ai1wm-export-controller","file":"\/home3\/demo4zke\/public_html\/dev4\/makehappen\/wp-content\/plugins\/all-in-one-wp-migration\/lib\/vendor\/servmask\/iterator\/class-ai1wm-recursive-directory-iterator.php","line":31}

Dec 22 2017 07:32:50
{"Number":2,"Message":"mkdir(): Disk quota exceeded","File":"\/home3\/demo4zke\/public_html\/dev4\/makehappen\/wp-content\/plugins\/all-in-one-wp-migration\/functions.php","Line":40}

Dec 22 2017 07:32:50
{"Number":2,"Message":"fopen(\/home3\/demo4zke\/public_html\/dev4\/makehappen\/wp-content\/plugins\/all-in-one-wp-migration\/storage\/hr282ywflb57\/export.log): failed to open stream: No such file or directory","File":"\/home3\/demo4zke\/public_html\/dev4\/makehappen\/wp-content\/plugins\/all-in-one-wp-migration\/functions.php","Line":831}

Dec 22 2017 07:32:50
{"Number":2,"Message":"mkdir(): Disk quota exceeded","File":"\/home3\/demo4zke\/public_html\/dev4\/makehappen\/wp-content\/plugins\/all-in-one-wp-migration\/functions.php","Line":40}

Dec 22 2017 07:32:50
{"type":1,"message":"Uncaught exception 'UnexpectedValueException' with message 'RecursiveDirectoryIterator::__construct(\/home3\/demo4zke\/public_html\/dev4\/makehappen\/wp-content\/plugins\/all-in-one-wp-migration\/storage\/hr282ywflb57): failed to open dir: No such file or directory' in \/home3\/demo4zke\/public_html\/dev4\/makehappen\/wp-content\/plugins\/all-in-one-wp-migration\/lib\/vendor\/servmask\/iterator\/class-ai1wm-recursive-directory-iterator.php:31\nStack trace:\n#0 \/home3\/demo4zke\/public_html\/dev4\/makehappen\/wp-content\/plugins\/all-in-one-wp-migration\/lib\/vendor\/servmask\/iterator\/class-ai1wm-recursive-directory-iterator.php(31): RecursiveDirectoryIterator->__construct('\/home3\/demo4zke...')\n#1 \/home3\/demo4zke\/public_html\/dev4\/makehappen\/wp-content\/plugins\/all-in-one-wp-migration\/lib\/vendor\/servmask\/filesystem\/class-ai1wm-directory.php(39): Ai1wm_Recursive_Directory_Iterator->__construct('\/home3\/demo4zke...')\n#2 \/home3\/demo4zke\/public_html\/dev4\/makehappen\/wp-content\/plugins\/all-in-one-wp-migration\/lib\/controller\/class-ai1wm-export-controller","file":"\/home3\/demo4zke\/public_html\/dev4\/makehappen\/wp-content\/plugins\/all-in-one-wp-migration\/lib\/vendor\/servmask\/iterator\/class-ai1wm-recursive-directory-iterator.php","line":31}

Dec 22 2017 07:32:55
{"Number":2,"Message":"mkdir(): Disk quota exceeded","File":"\/home3\/demo4zke\/public_html\/dev4\/makehappen\/wp-content\/plugins\/all-in-one-wp-migration\/functions.php","Line":40}

Dec 22 2017 07:32:55
{"Number":2,"Message":"fopen(\/home3\/demo4zke\/public_html\/dev4\/makehappen\/wp-content\/plugins\/all-in-one-wp-migration\/storage\/hr282ywflb57\/export.log): failed to open stream: No such file or directory","File":"\/home3\/demo4zke\/public_html\/dev4\/makehappen\/wp-content\/plugins\/all-in-one-wp-migration\/functions.php","Line":831}

Dec 22 2017 07:32:55
{"Number":2,"Message":"mkdir(): Disk quota exceeded","File":"\/home3\/demo4zke\/public_html\/dev4\/makehappen\/wp-content\/plugins\/all-in-one-wp-migration\/functions.php","Line":40}

Dec 22 2017 07:32:55
{"type":1,"message":"Uncaught exception 'UnexpectedValueException' with message 'RecursiveDirectoryIterator::__construct(\/home3\/demo4zke\/public_html\/dev4\/makehappen\/wp-content\/plugins\/all-in-one-wp-migration\/storage\/hr282ywflb57): failed to open dir: No such file or directory' in \/home3\/demo4zke\/public_html\/dev4\/makehappen\/wp-content\/plugins\/all-in-one-wp-migration\/lib\/vendor\/servmask\/iterator\/class-ai1wm-recursive-directory-iterator.php:31\nStack trace:\n#0 \/home3\/demo4zke\/public_html\/dev4\/makehappen\/wp-content\/plugins\/all-in-one-wp-migration\/lib\/vendor\/servmask\/iterator\/class-ai1wm-recursive-directory-iterator.php(31): RecursiveDirectoryIterator->__construct('\/home3\/demo4zke...')\n#1 \/home3\/demo4zke\/public_html\/dev4\/makehappen\/wp-content\/plugins\/all-in-one-wp-migration\/lib\/vendor\/servmask\/filesystem\/class-ai1wm-directory.php(39): Ai1wm_Recursive_Directory_Iterator->__construct('\/home3\/demo4zke...')\n#2 \/home3\/demo4zke\/public_html\/dev4\/makehappen\/wp-content\/plugins\/all-in-one-wp-migration\/lib\/controller\/class-ai1wm-export-controller","file":"\/home3\/demo4zke\/public_html\/dev4\/makehappen\/wp-content\/plugins\/all-in-one-wp-migration\/lib\/vendor\/servmask\/iterator\/class-ai1wm-recursive-directory-iterator.php","line":31}

Dec 22 2017 07:32:59
{"Number":2,"Message":"mkdir(): Disk quota exceeded","File":"\/home3\/demo4zke\/public_html\/dev4\/makehappen\/wp-content\/plugins\/all-in-one-wp-migration\/functions.php","Line":40}

Dec 22 2017 07:32:59
{"Number":2,"Message":"fopen(\/home3\/demo4zke\/public_html\/dev4\/makehappen\/wp-content\/plugins\/all-in-one-wp-migration\/storage\/hr282ywflb57\/export.log): failed to open stream: No such file or directory","File":"\/home3\/demo4zke\/public_html\/dev4\/makehappen\/wp-content\/plugins\/all-in-one-wp-migration\/functions.php","Line":831}

Dec 22 2017 07:32:59
{"Number":2,"Message":"mkdir(): Disk quota exceeded","File":"\/home3\/demo4zke\/public_html\/dev4\/makehappen\/wp-content\/plugins\/all-in-one-wp-migration\/functions.php","Line":40}

Dec 22 2017 07:32:59
{"type":1,"message":"Uncaught exception 'UnexpectedValueException' with message 'RecursiveDirectoryIterator::__construct(\/home3\/demo4zke\/public_html\/dev4\/makehappen\/wp-content\/plugins\/all-in-one-wp-migration\/storage\/hr282ywflb57): failed to open dir: No such file or directory' in \/home3\/demo4zke\/public_html\/dev4\/makehappen\/wp-content\/plugins\/all-in-one-wp-migration\/lib\/vendor\/servmask\/iterator\/class-ai1wm-recursive-directory-iterator.php:31\nStack trace:\n#0 \/home3\/demo4zke\/public_html\/dev4\/makehappen\/wp-content\/plugins\/all-in-one-wp-migration\/lib\/vendor\/servmask\/iterator\/class-ai1wm-recursive-directory-iterator.php(31): RecursiveDirectoryIterator->__construct('\/home3\/demo4zke...')\n#1 \/home3\/demo4zke\/public_html\/dev4\/makehappen\/wp-content\/plugins\/all-in-one-wp-migration\/lib\/vendor\/servmask\/filesystem\/class-ai1wm-directory.php(39): Ai1wm_Recursive_Directory_Iterator->__construct('\/home3\/demo4zke...')\n#2 \/home3\/demo4zke\/public_html\/dev4\/makehappen\/wp-content\/plugins\/all-in-one-wp-migration\/lib\/controller\/class-ai1wm-export-controller","file":"\/home3\/demo4zke\/public_html\/dev4\/makehappen\/wp-content\/plugins\/all-in-one-wp-migration\/lib\/vendor\/servmask\/iterator\/class-ai1wm-recursive-directory-iterator.php","line":31}

Dec 22 2017 07:33:09
{"Number":2,"Message":"mkdir(): Disk quota exceeded","File":"\/home3\/demo4zke\/public_html\/dev4\/makehappen\/wp-content\/plugins\/all-in-one-wp-migration\/functions.php","Line":40}

Dec 22 2017 07:33:09
{"Number":2,"Message":"fopen(\/home3\/demo4zke\/public_html\/dev4\/makehappen\/wp-content\/plugins\/all-in-one-wp-migration\/storage\/hr282ywflb57\/export.log): failed to open stream: No such file or directory","File":"\/home3\/demo4zke\/public_html\/dev4\/makehappen\/wp-content\/plugins\/all-in-one-wp-migration\/functions.php","Line":831}

Dec 22 2017 07:33:09
{"Number":2,"Message":"mkdir(): Disk quota exceeded","File":"\/home3\/demo4zke\/public_html\/dev4\/makehappen\/wp-content\/plugins\/all-in-one-wp-migration\/functions.php","Line":40}

Dec 22 2017 07:33:09
{"type":1,"message":"Uncaught exception 'UnexpectedValueException' with message 'RecursiveDirectoryIterator::__construct(\/home3\/demo4zke\/public_html\/dev4\/makehappen\/wp-content\/plugins\/all-in-one-wp-migration\/storage\/hr282ywflb57): failed to open dir: No such file or directory' in \/home3\/demo4zke\/public_html\/dev4\/makehappen\/wp-content\/plugins\/all-in-one-wp-migration\/lib\/vendor\/servmask\/iterator\/class-ai1wm-recursive-directory-iterator.php:31\nStack trace:\n#0 \/home3\/demo4zke\/public_html\/dev4\/makehappen\/wp-content\/plugins\/all-in-one-wp-migration\/lib\/vendor\/servmask\/iterator\/class-ai1wm-recursive-directory-iterator.php(31): RecursiveDirectoryIterator->__construct('\/home3\/demo4zke...')\n#1 \/home3\/demo4zke\/public_html\/dev4\/makehappen\/wp-content\/plugins\/all-in-one-wp-migration\/lib\/vendor\/servmask\/filesystem\/class-ai1wm-directory.php(39): Ai1wm_Recursive_Directory_Iterator->__construct('\/home3\/demo4zke...')\n#2 \/home3\/demo4zke\/public_html\/dev4\/makehappen\/wp-content\/plugins\/all-in-one-wp-migration\/lib\/controller\/class-ai1wm-export-controller","file":"\/home3\/demo4zke\/public_html\/dev4\/makehappen\/wp-content\/plugins\/all-in-one-wp-migration\/lib\/vendor\/servmask\/iterator\/class-ai1wm-recursive-directory-iterator.php","line":31}

Dec 22 2017 07:34:23
{"Number":2,"Message":"mkdir(): Disk quota exceeded","File":"\/home3\/demo4zke\/public_html\/dev4\/makehappen\/wp-content\/plugins\/all-in-one-wp-migration\/functions.php","Line":40}

Dec 22 2017 07:34:23
{"Number":2,"Message":"fopen(\/home3\/demo4zke\/public_html\/dev4\/makehappen\/wp-content\/plugins\/all-in-one-wp-migration\/storage\/0r49tbgytuu3\/export.log): failed to open stream: No such file or directory","File":"\/home3\/demo4zke\/public_html\/dev4\/makehappen\/wp-content\/plugins\/all-in-one-wp-migration\/functions.php","Line":831}

Dec 22 2017 07:34:23
{"Number":2,"Message":"mkdir(): Disk quota exceeded","File":"\/home3\/demo4zke\/public_html\/dev4\/makehappen\/wp-content\/plugins\/all-in-one-wp-migration\/functions.php","Line":40}

Dec 22 2017 07:34:23
{"type":1,"message":"Uncaught exception 'UnexpectedValueException' with message 'RecursiveDirectoryIterator::__construct(\/home3\/demo4zke\/public_html\/dev4\/makehappen\/wp-content\/plugins\/all-in-one-wp-migration\/storage\/0r49tbgytuu3): failed to open dir: No such file or directory' in \/home3\/demo4zke\/public_html\/dev4\/makehappen\/wp-content\/plugins\/all-in-one-wp-migration\/lib\/vendor\/servmask\/iterator\/class-ai1wm-recursive-directory-iterator.php:31\nStack trace:\n#0 \/home3\/demo4zke\/public_html\/dev4\/makehappen\/wp-content\/plugins\/all-in-one-wp-migration\/lib\/vendor\/servmask\/iterator\/class-ai1wm-recursive-directory-iterator.php(31): RecursiveDirectoryIterator->__construct('\/home3\/demo4zke...')\n#1 \/home3\/demo4zke\/public_html\/dev4\/makehappen\/wp-content\/plugins\/all-in-one-wp-migration\/lib\/vendor\/servmask\/filesystem\/class-ai1wm-directory.php(39): Ai1wm_Recursive_Directory_Iterator->__construct('\/home3\/demo4zke...')\n#2 \/home3\/demo4zke\/public_html\/dev4\/makehappen\/wp-content\/plugins\/all-in-one-wp-migration\/lib\/controller\/class-ai1wm-export-controller","file":"\/home3\/demo4zke\/public_html\/dev4\/makehappen\/wp-content\/plugins\/all-in-one-wp-migration\/lib\/vendor\/servmask\/iterator\/class-ai1wm-recursive-directory-iterator.php","line":31}

Dec 22 2017 07:34:24
{"Number":2,"Message":"mkdir(): Disk quota exceeded","File":"\/home3\/demo4zke\/public_html\/dev4\/makehappen\/wp-content\/plugins\/all-in-one-wp-migration\/functions.php","Line":40}

Dec 22 2017 07:34:24
{"Number":2,"Message":"fopen(\/home3\/demo4zke\/public_html\/dev4\/makehappen\/wp-content\/plugins\/all-in-one-wp-migration\/storage\/0r49tbgytuu3\/export.log): failed to open stream: No such file or directory","File":"\/home3\/demo4zke\/public_html\/dev4\/makehappen\/wp-content\/plugins\/all-in-one-wp-migration\/functions.php","Line":831}

Dec 22 2017 07:34:24
{"Number":2,"Message":"mkdir(): Disk quota exceeded","File":"\/home3\/demo4zke\/public_html\/dev4\/makehappen\/wp-content\/plugins\/all-in-one-wp-migration\/functions.php","Line":40}

Dec 22 2017 07:34:24
{"type":1,"message":"Uncaught exception 'UnexpectedValueException' with message 'RecursiveDirectoryIterator::__construct(\/home3\/demo4zke\/public_html\/dev4\/makehappen\/wp-content\/plugins\/all-in-one-wp-migration\/storage\/0r49tbgytuu3): failed to open dir: No such file or directory' in \/home3\/demo4zke\/public_html\/dev4\/makehappen\/wp-content\/plugins\/all-in-one-wp-migration\/lib\/vendor\/servmask\/iterator\/class-ai1wm-recursive-directory-iterator.php:31\nStack trace:\n#0 \/home3\/demo4zke\/public_html\/dev4\/makehappen\/wp-content\/plugins\/all-in-one-wp-migration\/lib\/vendor\/servmask\/iterator\/class-ai1wm-recursive-directory-iterator.php(31): RecursiveDirectoryIterator->__construct('\/home3\/demo4zke...')\n#1 \/home3\/demo4zke\/public_html\/dev4\/makehappen\/wp-content\/plugins\/all-in-one-wp-migration\/lib\/vendor\/servmask\/filesystem\/class-ai1wm-directory.php(39): Ai1wm_Recursive_Directory_Iterator->__construct('\/home3\/demo4zke...')\n#2 \/home3\/demo4zke\/public_html\/dev4\/makehappen\/wp-content\/plugins\/all-in-one-wp-migration\/lib\/controller\/class-ai1wm-export-controller","file":"\/home3\/demo4zke\/public_html\/dev4\/makehappen\/wp-content\/plugins\/all-in-one-wp-migration\/lib\/vendor\/servmask\/iterator\/class-ai1wm-recursive-directory-iterator.php","line":31}

Dec 22 2017 07:34:26
{"Number":2,"Message":"mkdir(): Disk quota exceeded","File":"\/home3\/demo4zke\/public_html\/dev4\/makehappen\/wp-content\/plugins\/all-in-one-wp-migration\/functions.php","Line":40}

Dec 22 2017 07:34:26
{"Number":2,"Message":"fopen(\/home3\/demo4zke\/public_html\/dev4\/makehappen\/wp-content\/plugins\/all-in-one-wp-migration\/storage\/0r49tbgytuu3\/export.log): failed to open stream: No such file or directory","File":"\/home3\/demo4zke\/public_html\/dev4\/makehappen\/wp-content\/plugins\/all-in-one-wp-migration\/functions.php","Line":831}

Dec 22 2017 07:34:26
{"Number":2,"Message":"mkdir(): Disk quota exceeded","File":"\/home3\/demo4zke\/public_html\/dev4\/makehappen\/wp-content\/plugins\/all-in-one-wp-migration\/functions.php","Line":40}

Dec 22 2017 07:34:26
{"type":1,"message":"Uncaught exception 'UnexpectedValueException' with message 'RecursiveDirectoryIterator::__construct(\/home3\/demo4zke\/public_html\/dev4\/makehappen\/wp-content\/plugins\/all-in-one-wp-migration\/storage\/0r49tbgytuu3): failed to open dir: No such file or directory' in \/home3\/demo4zke\/public_html\/dev4\/makehappen\/wp-content\/plugins\/all-in-one-wp-migration\/lib\/vendor\/servmask\/iterator\/class-ai1wm-recursive-directory-iterator.php:31\nStack trace:\n#0 \/home3\/demo4zke\/public_html\/dev4\/makehappen\/wp-content\/plugins\/all-in-one-wp-migration\/lib\/vendor\/servmask\/iterator\/class-ai1wm-recursive-directory-iterator.php(31): RecursiveDirectoryIterator->__construct('\/home3\/demo4zke...')\n#1 \/home3\/demo4zke\/public_html\/dev4\/makehappen\/wp-content\/plugins\/all-in-one-wp-migration\/lib\/vendor\/servmask\/filesystem\/class-ai1wm-directory.php(39): Ai1wm_Recursive_Directory_Iterator->__construct('\/home3\/demo4zke...')\n#2 \/home3\/demo4zke\/public_html\/dev4\/makehappen\/wp-content\/plugins\/all-in-one-wp-migration\/lib\/controller\/class-ai1wm-export-controller","file":"\/home3\/demo4zke\/public_html\/dev4\/makehappen\/wp-content\/plugins\/all-in-one-wp-migration\/lib\/vendor\/servmask\/iterator\/class-ai1wm-recursive-directory-iterator.php","line":31}

Dec 22 2017 07:34:28
{"Number":2,"Message":"mkdir(): Disk quota exceeded","File":"\/home3\/demo4zke\/public_html\/dev4\/makehappen\/wp-content\/plugins\/all-in-one-wp-migration\/functions.php","Line":40}

Dec 22 2017 07:34:28
{"Number":2,"Message":"fopen(\/home3\/demo4zke\/public_html\/dev4\/makehappen\/wp-content\/plugins\/all-in-one-wp-migration\/storage\/0r49tbgytuu3\/export.log): failed to open stream: No such file or directory","File":"\/home3\/demo4zke\/public_html\/dev4\/makehappen\/wp-content\/plugins\/all-in-one-wp-migration\/functions.php","Line":831}

Dec 22 2017 07:34:28
{"Number":2,"Message":"mkdir(): Disk quota exceeded","File":"\/home3\/demo4zke\/public_html\/dev4\/makehappen\/wp-content\/plugins\/all-in-one-wp-migration\/functions.php","Line":40}

Dec 22 2017 07:34:28
{"type":1,"message":"Uncaught exception 'UnexpectedValueException' with message 'RecursiveDirectoryIterator::__construct(\/home3\/demo4zke\/public_html\/dev4\/makehappen\/wp-content\/plugins\/all-in-one-wp-migration\/storage\/0r49tbgytuu3): failed to open dir: No such file or directory' in \/home3\/demo4zke\/public_html\/dev4\/makehappen\/wp-content\/plugins\/all-in-one-wp-migration\/lib\/vendor\/servmask\/iterator\/class-ai1wm-recursive-directory-iterator.php:31\nStack trace:\n#0 \/home3\/demo4zke\/public_html\/dev4\/makehappen\/wp-content\/plugins\/all-in-one-wp-migration\/lib\/vendor\/servmask\/iterator\/class-ai1wm-recursive-directory-iterator.php(31): RecursiveDirectoryIterator->__construct('\/home3\/demo4zke...')\n#1 \/home3\/demo4zke\/public_html\/dev4\/makehappen\/wp-content\/plugins\/all-in-one-wp-migration\/lib\/vendor\/servmask\/filesystem\/class-ai1wm-directory.php(39): Ai1wm_Recursive_Directory_Iterator->__construct('\/home3\/demo4zke...')\n#2 \/home3\/demo4zke\/public_html\/dev4\/makehappen\/wp-content\/plugins\/all-in-one-wp-migration\/lib\/controller\/class-ai1wm-export-controller","file":"\/home3\/demo4zke\/public_html\/dev4\/makehappen\/wp-content\/plugins\/all-in-one-wp-migration\/lib\/vendor\/servmask\/iterator\/class-ai1wm-recursive-directory-iterator.php","line":31}

Dec 22 2017 07:34:36
{"Number":2,"Message":"mkdir(): Disk quota exceeded","File":"\/home3\/demo4zke\/public_html\/dev4\/makehappen\/wp-content\/plugins\/all-in-one-wp-migration\/functions.php","Line":40}

Dec 22 2017 07:34:36
{"Number":2,"Message":"fopen(\/home3\/demo4zke\/public_html\/dev4\/makehappen\/wp-content\/plugins\/all-in-one-wp-migration\/storage\/0r49tbgytuu3\/export.log): failed to open stream: No such file or directory","File":"\/home3\/demo4zke\/public_html\/dev4\/makehappen\/wp-content\/plugins\/all-in-one-wp-migration\/functions.php","Line":831}

Dec 22 2017 07:34:36
{"Number":2,"Message":"mkdir(): Disk quota exceeded","File":"\/home3\/demo4zke\/public_html\/dev4\/makehappen\/wp-content\/plugins\/all-in-one-wp-migration\/functions.php","Line":40}

Dec 22 2017 07:34:36
{"type":1,"message":"Uncaught exception 'UnexpectedValueException' with message 'RecursiveDirectoryIterator::__construct(\/home3\/demo4zke\/public_html\/dev4\/makehappen\/wp-content\/plugins\/all-in-one-wp-migration\/storage\/0r49tbgytuu3): failed to open dir: No such file or directory' in \/home3\/demo4zke\/public_html\/dev4\/makehappen\/wp-content\/plugins\/all-in-one-wp-migration\/lib\/vendor\/servmask\/iterator\/class-ai1wm-recursive-directory-iterator.php:31\nStack trace:\n#0 \/home3\/demo4zke\/public_html\/dev4\/makehappen\/wp-content\/plugins\/all-in-one-wp-migration\/lib\/vendor\/servmask\/iterator\/class-ai1wm-recursive-directory-iterator.php(31): RecursiveDirectoryIterator->__construct('\/home3\/demo4zke...')\n#1 \/home3\/demo4zke\/public_html\/dev4\/makehappen\/wp-content\/plugins\/all-in-one-wp-migration\/lib\/vendor\/servmask\/filesystem\/class-ai1wm-directory.php(39): Ai1wm_Recursive_Directory_Iterator->__construct('\/home3\/demo4zke...')\n#2 \/home3\/demo4zke\/public_html\/dev4\/makehappen\/wp-content\/plugins\/all-in-one-wp-migration\/lib\/controller\/class-ai1wm-export-controller","file":"\/home3\/demo4zke\/public_html\/dev4\/makehappen\/wp-content\/plugins\/all-in-one-wp-migration\/lib\/vendor\/servmask\/iterator\/class-ai1wm-recursive-directory-iterator.php","line":31}

Dec 22 2017 07:34:47
{"Number":2,"Message":"mkdir(): Disk quota exceeded","File":"\/home3\/demo4zke\/public_html\/dev4\/makehappen\/wp-content\/plugins\/all-in-one-wp-migration\/functions.php","Line":40}

Dec 22 2017 07:34:47
{"Number":2,"Message":"fopen(\/home3\/demo4zke\/public_html\/dev4\/makehappen\/wp-content\/plugins\/all-in-one-wp-migration\/storage\/0r49tbgytuu3\/export.log): failed to open stream: No such file or directory","File":"\/home3\/demo4zke\/public_html\/dev4\/makehappen\/wp-content\/plugins\/all-in-one-wp-migration\/functions.php","Line":831}

Dec 22 2017 07:34:47
{"Number":2,"Message":"mkdir(): Disk quota exceeded","File":"\/home3\/demo4zke\/public_html\/dev4\/makehappen\/wp-content\/plugins\/all-in-one-wp-migration\/functions.php","Line":40}

Dec 22 2017 07:34:47
{"type":1,"message":"Uncaught exception 'UnexpectedValueException' with message 'RecursiveDirectoryIterator::__construct(\/home3\/demo4zke\/public_html\/dev4\/makehappen\/wp-content\/plugins\/all-in-one-wp-migration\/storage\/0r49tbgytuu3): failed to open dir: No such file or directory' in \/home3\/demo4zke\/public_html\/dev4\/makehappen\/wp-content\/plugins\/all-in-one-wp-migration\/lib\/vendor\/servmask\/iterator\/class-ai1wm-recursive-directory-iterator.php:31\nStack trace:\n#0 \/home3\/demo4zke\/public_html\/dev4\/makehappen\/wp-content\/plugins\/all-in-one-wp-migration\/lib\/vendor\/servmask\/iterator\/class-ai1wm-recursive-directory-iterator.php(31): RecursiveDirectoryIterator->__construct('\/home3\/demo4zke...')\n#1 \/home3\/demo4zke\/public_html\/dev4\/makehappen\/wp-content\/plugins\/all-in-one-wp-migration\/lib\/vendor\/servmask\/filesystem\/class-ai1wm-directory.php(39): Ai1wm_Recursive_Directory_Iterator->__construct('\/home3\/demo4zke...')\n#2 \/home3\/demo4zke\/public_html\/dev4\/makehappen\/wp-content\/plugins\/all-in-one-wp-migration\/lib\/controller\/class-ai1wm-export-controller","file":"\/home3\/demo4zke\/public_html\/dev4\/makehappen\/wp-content\/plugins\/all-in-one-wp-migration\/lib\/vendor\/servmask\/iterator\/class-ai1wm-recursive-directory-iterator.php","line":31}

Dec 22 2017 08:51:47
{"type":2,"message":"assert(): Assertion &quot;&quot; failed","file":"\/home3\/demo4zke\/public_html\/dev4\/makehappen\/wp-content\/plugins\/wp-dbase-cache\/wp-cache-main.php","line":219}

Dec 22 2017 08:51:49
{"type":2,"message":"assert(): Assertion &quot;&quot; failed","file":"\/home3\/demo4zke\/public_html\/dev4\/makehappen\/wp-content\/plugins\/wp-dbase-cache\/wp-cache-main.php","line":219}

Dec 22 2017 08:51:49
{"type":2,"message":"assert(): Assertion &quot;&quot; failed","file":"\/home3\/demo4zke\/public_html\/dev4\/makehappen\/wp-content\/plugins\/wp-dbase-cache\/wp-cache-main.php","line":219}

Dec 22 2017 08:51:51
{"type":2,"message":"assert(): Assertion &quot;&quot; failed","file":"\/home3\/demo4zke\/public_html\/dev4\/makehappen\/wp-content\/plugins\/wp-dbase-cache\/wp-cache-main.php","line":219}

Dec 22 2017 08:52:02
{"type":2,"message":"assert(): Assertion &quot;&quot; failed","file":"\/home3\/demo4zke\/public_html\/dev4\/makehappen\/wp-content\/plugins\/wp-dbase-cache\/wp-cache-main.php","line":219}

Dec 22 2017 08:52:13
{"type":2,"message":"assert(): Assertion &quot;&quot; failed","file":"\/home3\/demo4zke\/public_html\/dev4\/makehappen\/wp-content\/plugins\/wp-dbase-cache\/wp-cache-main.php","line":219}

Dec 22 2017 08:52:24
{"type":2,"message":"assert(): Assertion &quot;&quot; failed","file":"\/home3\/demo4zke\/public_html\/dev4\/makehappen\/wp-content\/plugins\/wp-dbase-cache\/wp-cache-main.php","line":219}

Dec 22 2017 08:52:35
{"type":2,"message":"assert(): Assertion &quot;&quot; failed","file":"\/home3\/demo4zke\/public_html\/dev4\/makehappen\/wp-content\/plugins\/wp-dbase-cache\/wp-cache-main.php","line":219}

Dec 22 2017 08:52:47
{"type":2,"message":"assert(): Assertion &quot;&quot; failed","file":"\/home3\/demo4zke\/public_html\/dev4\/makehappen\/wp-content\/plugins\/wp-dbase-cache\/wp-cache-main.php","line":219}

Dec 22 2017 08:52:58
{"type":2,"message":"assert(): Assertion &quot;&quot; failed","file":"\/home3\/demo4zke\/public_html\/dev4\/makehappen\/wp-content\/plugins\/wp-dbase-cache\/wp-cache-main.php","line":219}

Dec 22 2017 08:53:09
{"type":2,"message":"assert(): Assertion &quot;&quot; failed","file":"\/home3\/demo4zke\/public_html\/dev4\/makehappen\/wp-content\/plugins\/wp-dbase-cache\/wp-cache-main.php","line":219}

Dec 22 2017 08:53:15
{"type":2,"message":"assert(): Assertion &quot;&quot; failed","file":"\/home3\/demo4zke\/public_html\/dev4\/makehappen\/wp-content\/plugins\/wp-dbase-cache\/wp-cache-main.php","line":219}

Dec 22 2017 08:53:17
{"type":2,"message":"assert(): Assertion &quot;&quot; failed","file":"\/home3\/demo4zke\/public_html\/dev4\/makehappen\/wp-content\/plugins\/wp-dbase-cache\/wp-cache-main.php","line":219}

Dec 22 2017 08:53:18
{"type":2,"message":"assert(): Assertion &quot;&quot; failed","file":"\/home3\/demo4zke\/public_html\/dev4\/makehappen\/wp-content\/plugins\/wp-dbase-cache\/wp-cache-main.php","line":219}

Dec 22 2017 08:53:18
{"type":2,"message":"assert(): Assertion &quot;&quot; failed","file":"\/home3\/demo4zke\/public_html\/dev4\/makehappen\/wp-content\/plugins\/wp-dbase-cache\/wp-cache-main.php","line":219}

Dec 22 2017 08:53:19
{"type":2,"message":"assert(): Assertion &quot;&quot; failed","file":"\/home3\/demo4zke\/public_html\/dev4\/makehappen\/wp-content\/plugins\/wp-dbase-cache\/wp-cache-main.php","line":219}

Jan 04 2018 14:04:44
{"type":2,"message":"assert(): Assertion &quot;&quot; failed","file":"\/home3\/demo4zke\/public_html\/dev4\/makehappen\/wp-content\/plugins\/wp-dbase-cache\/wp-cache-main.php","line":219}

Jan 04 2018 14:04:55
{"type":2,"message":"assert(): Assertion &quot;&quot; failed","file":"\/home3\/demo4zke\/public_html\/dev4\/makehappen\/wp-content\/plugins\/wp-dbase-cache\/wp-cache-main.php","line":219}

Jan 04 2018 14:04:58
{"type":2,"message":"assert(): Assertion &quot;&quot; failed","file":"\/home3\/demo4zke\/public_html\/dev4\/makehappen\/wp-content\/plugins\/wp-dbase-cache\/wp-cache-main.php","line":219}

Jan 04 2018 14:05:00
{"type":2,"message":"assert(): Assertion &quot;&quot; failed","file":"\/home3\/demo4zke\/public_html\/dev4\/makehappen\/wp-content\/plugins\/wp-dbase-cache\/wp-cache-main.php","line":219}

Jan 04 2018 14:05:05
{"type":2,"message":"assert(): Assertion &quot;&quot; failed","file":"\/home3\/demo4zke\/public_html\/dev4\/makehappen\/wp-content\/plugins\/wp-dbase-cache\/wp-cache-main.php","line":219}

Jan 04 2018 14:05:06
{"type":2,"message":"assert(): Assertion &quot;&quot; failed","file":"\/home3\/demo4zke\/public_html\/dev4\/makehappen\/wp-content\/plugins\/wp-dbase-cache\/wp-cache-main.php","line":219}

Jan 04 2018 14:05:18
{"type":2,"message":"assert(): Assertion &quot;&quot; failed","file":"\/home3\/demo4zke\/public_html\/dev4\/makehappen\/wp-content\/plugins\/wp-dbase-cache\/wp-cache-main.php","line":219}

Jan 04 2018 14:05:30
{"type":2,"message":"assert(): Assertion &quot;&quot; failed","file":"\/home3\/demo4zke\/public_html\/dev4\/makehappen\/wp-content\/plugins\/wp-dbase-cache\/wp-cache-main.php","line":219}

Jan 04 2018 14:05:40
{"type":2,"message":"assert(): Assertion &quot;&quot; failed","file":"\/home3\/demo4zke\/public_html\/dev4\/makehappen\/wp-content\/plugins\/wp-dbase-cache\/wp-cache-main.php","line":219}

Jan 04 2018 14:05:51
{"type":2,"message":"assert(): Assertion &quot;&quot; failed","file":"\/home3\/demo4zke\/public_html\/dev4\/makehappen\/wp-content\/plugins\/wp-dbase-cache\/wp-cache-main.php","line":219}

Jan 04 2018 14:06:02
{"type":2,"message":"assert(): Assertion &quot;&quot; failed","file":"\/home3\/demo4zke\/public_html\/dev4\/makehappen\/wp-content\/plugins\/wp-dbase-cache\/wp-cache-main.php","line":219}

Jan 04 2018 14:06:11
{"type":2,"message":"assert(): Assertion &quot;&quot; failed","file":"\/home3\/demo4zke\/public_html\/dev4\/makehappen\/wp-content\/plugins\/wp-dbase-cache\/wp-cache-main.php","line":219}

Jan 04 2018 14:06:13
{"type":2,"message":"assert(): Assertion &quot;&quot; failed","file":"\/home3\/demo4zke\/public_html\/dev4\/makehappen\/wp-content\/plugins\/wp-dbase-cache\/wp-cache-main.php","line":219}

Jan 04 2018 14:06:27
{"type":2,"message":"assert(): Assertion &quot;&quot; failed","file":"\/home3\/demo4zke\/public_html\/dev4\/makehappen\/wp-content\/plugins\/wp-dbase-cache\/wp-cache-main.php","line":219}

Jan 04 2018 14:06:36
{"type":2,"message":"include(): Failed opening '\/home3\/demo4zke\/public_html\/dev1\/peppermind\/wp-admin\/favicon_c89d94.ico' for inclusion (include_path='.:\/opt\/php56\/lib\/php')","file":"\/home3\/demo4zke\/public_html\/dev4\/makehappen\/wp-settings.php","line":12}

Jan 04 2018 14:06:37
{"type":2,"message":"include(): Failed opening '\/home3\/demo4zke\/public_html\/dev1\/peppermind\/wp-admin\/favicon_c89d94.ico' for inclusion (include_path='.:\/opt\/php56\/lib\/php')","file":"\/home3\/demo4zke\/public_html\/dev4\/makehappen\/wp-settings.php","line":12}

Jan 04 2018 14:06:38
{"type":2,"message":"assert(): Assertion &quot;&quot; failed","file":"\/home3\/demo4zke\/public_html\/dev4\/makehappen\/wp-content\/plugins\/wp-dbase-cache\/wp-cache-main.php","line":219}

Feb 02 2018 12:10:21
{"type":2,"message":"assert(): Assertion &quot;&quot; failed","file":"\/home3\/demo4zke\/public_html\/dev4\/makehappen\/wp-content\/plugins\/wp-dbase-cache\/wp-cache-main.php","line":219}

Feb 02 2018 12:10:27
{"type":2,"message":"assert(): Assertion &quot;&quot; failed","file":"\/home3\/demo4zke\/public_html\/dev4\/makehappen\/wp-content\/plugins\/wp-dbase-cache\/wp-cache-main.php","line":219}

Feb 02 2018 12:10:28
{"type":2,"message":"assert(): Assertion &quot;&quot; failed","file":"\/home3\/demo4zke\/public_html\/dev4\/makehappen\/wp-content\/plugins\/wp-dbase-cache\/wp-cache-main.php","line":219}

Feb 02 2018 12:11:07
{"type":2,"message":"assert(): Assertion &quot;&quot; failed","file":"\/home3\/demo4zke\/public_html\/dev4\/makehappen\/wp-content\/plugins\/wp-dbase-cache\/wp-cache-main.php","line":219}

Feb 02 2018 12:11:09
{"type":2,"message":"assert(): Assertion &quot;&quot; failed","file":"\/home3\/demo4zke\/public_html\/dev4\/makehappen\/wp-content\/plugins\/wp-dbase-cache\/wp-cache-main.php","line":219}

Feb 02 2018 12:11:20
{"type":2,"message":"assert(): Assertion &quot;&quot; failed","file":"\/home3\/demo4zke\/public_html\/dev4\/makehappen\/wp-content\/plugins\/wp-dbase-cache\/wp-cache-main.php","line":219}

Feb 02 2018 12:11:31
{"type":2,"message":"assert(): Assertion &quot;&quot; failed","file":"\/home3\/demo4zke\/public_html\/dev4\/makehappen\/wp-content\/plugins\/wp-dbase-cache\/wp-cache-main.php","line":219}

Feb 02 2018 12:11:43
{"type":2,"message":"assert(): Assertion &quot;&quot; failed","file":"\/home3\/demo4zke\/public_html\/dev4\/makehappen\/wp-content\/plugins\/wp-dbase-cache\/wp-cache-main.php","line":219}

Feb 02 2018 12:11:54
{"type":2,"message":"assert(): Assertion &quot;&quot; failed","file":"\/home3\/demo4zke\/public_html\/dev4\/makehappen\/wp-content\/plugins\/wp-dbase-cache\/wp-cache-main.php","line":219}

Feb 02 2018 12:12:05
{"type":2,"message":"assert(): Assertion &quot;&quot; failed","file":"\/home3\/demo4zke\/public_html\/dev4\/makehappen\/wp-content\/plugins\/wp-dbase-cache\/wp-cache-main.php","line":219}

Feb 02 2018 12:12:15
{"type":2,"message":"assert(): Assertion &quot;&quot; failed","file":"\/home3\/demo4zke\/public_html\/dev4\/makehappen\/wp-content\/plugins\/wp-dbase-cache\/wp-cache-main.php","line":219}

Feb 02 2018 12:12:17
{"type":2,"message":"assert(): Assertion &quot;&quot; failed","file":"\/home3\/demo4zke\/public_html\/dev4\/makehappen\/wp-content\/plugins\/wp-dbase-cache\/wp-cache-main.php","line":219}

Feb 02 2018 12:12:27
{"type":2,"message":"assert(): Assertion &quot;&quot; failed","file":"\/home3\/demo4zke\/public_html\/dev4\/makehappen\/wp-content\/plugins\/wp-dbase-cache\/wp-cache-main.php","line":219}

Feb 02 2018 12:12:27
{"type":2,"message":"include(): Failed opening '\/home3\/demo4zke\/public_html\/dev1\/peppermind\/wp-admin\/favicon_c89d94.ico' for inclusion (include_path='.:\/opt\/php56\/lib\/php')","file":"\/home3\/demo4zke\/public_html\/dev4\/makehappen\/wp-settings.php","line":17}

Feb 02 2018 12:12:28
{"type":2,"message":"assert(): Assertion &quot;&quot; failed","file":"\/home3\/demo4zke\/public_html\/dev4\/makehappen\/wp-content\/plugins\/wp-dbase-cache\/wp-cache-main.php","line":219}

Feb 05 2018 09:52:33
{"type":2,"message":"assert(): Assertion &quot;&quot; failed","file":"\/home3\/demo4zke\/public_html\/dev4\/makehappen\/wp-content\/plugins\/wp-dbase-cache\/wp-cache-main.php","line":219}

Feb 05 2018 09:52:34
{"type":2,"message":"assert(): Assertion &quot;&quot; failed","file":"\/home3\/demo4zke\/public_html\/dev4\/makehappen\/wp-content\/plugins\/wp-dbase-cache\/wp-cache-main.php","line":219}

Feb 05 2018 09:52:35
{"type":2,"message":"assert(): Assertion &quot;&quot; failed","file":"\/home3\/demo4zke\/public_html\/dev4\/makehappen\/wp-content\/plugins\/wp-dbase-cache\/wp-cache-main.php","line":219}

Feb 05 2018 09:52:40
{"type":2,"message":"assert(): Assertion &quot;&quot; failed","file":"\/home3\/demo4zke\/public_html\/dev4\/makehappen\/wp-content\/plugins\/wp-dbase-cache\/wp-cache-main.php","line":219}

Feb 05 2018 09:52:51
{"type":2,"message":"assert(): Assertion &quot;&quot; failed","file":"\/home3\/demo4zke\/public_html\/dev4\/makehappen\/wp-content\/plugins\/wp-dbase-cache\/wp-cache-main.php","line":219}

Feb 05 2018 09:53:01
{"type":2,"message":"assert(): Assertion &quot;&quot; failed","file":"\/home3\/demo4zke\/public_html\/dev4\/makehappen\/wp-content\/plugins\/wp-dbase-cache\/wp-cache-main.php","line":219}

Feb 05 2018 09:53:12
{"type":2,"message":"assert(): Assertion &quot;&quot; failed","file":"\/home3\/demo4zke\/public_html\/dev4\/makehappen\/wp-content\/plugins\/wp-dbase-cache\/wp-cache-main.php","line":219}

Feb 05 2018 09:53:23
{"type":2,"message":"assert(): Assertion &quot;&quot; failed","file":"\/home3\/demo4zke\/public_html\/dev4\/makehappen\/wp-content\/plugins\/wp-dbase-cache\/wp-cache-main.php","line":219}

Feb 05 2018 09:53:34
{"type":2,"message":"assert(): Assertion &quot;&quot; failed","file":"\/home3\/demo4zke\/public_html\/dev4\/makehappen\/wp-content\/plugins\/wp-dbase-cache\/wp-cache-main.php","line":219}

Feb 05 2018 09:53:45
{"type":2,"message":"assert(): Assertion &quot;&quot; failed","file":"\/home3\/demo4zke\/public_html\/dev4\/makehappen\/wp-content\/plugins\/wp-dbase-cache\/wp-cache-main.php","line":219}

Feb 05 2018 09:53:54
{"type":2,"message":"assert(): Assertion &quot;&quot; failed","file":"\/home3\/demo4zke\/public_html\/dev4\/makehappen\/wp-content\/plugins\/wp-dbase-cache\/wp-cache-main.php","line":219}

Feb 05 2018 09:53:55
{"type":2,"message":"assert(): Assertion &quot;&quot; failed","file":"\/home3\/demo4zke\/public_html\/dev4\/makehappen\/wp-content\/plugins\/wp-dbase-cache\/wp-cache-main.php","line":219}

Feb 05 2018 09:53:56
{"type":2,"message":"assert(): Assertion &quot;&quot; failed","file":"\/home3\/demo4zke\/public_html\/dev4\/makehappen\/wp-content\/plugins\/wp-dbase-cache\/wp-cache-main.php","line":219}

Feb 05 2018 09:53:57
{"type":2,"message":"assert(): Assertion &quot;&quot; failed","file":"\/home3\/demo4zke\/public_html\/dev4\/makehappen\/wp-content\/plugins\/wp-dbase-cache\/wp-cache-main.php","line":219}

Feb 05 2018 09:53:58
{"type":2,"message":"assert(): Assertion &quot;&quot; failed","file":"\/home3\/demo4zke\/public_html\/dev4\/makehappen\/wp-content\/plugins\/wp-dbase-cache\/wp-cache-main.php","line":219}

Feb 15 2018 05:31:41
{"type":2,"message":"assert(): Assertion &quot;&quot; failed","file":"\/home3\/demo4zke\/public_html\/dev4\/makehappen\/wp-content\/plugins\/wp-dbase-cache\/wp-cache-main.php","line":219}

Feb 15 2018 05:31:43
{"type":2,"message":"assert(): Assertion &quot;&quot; failed","file":"\/home3\/demo4zke\/public_html\/dev4\/makehappen\/wp-content\/plugins\/wp-dbase-cache\/wp-cache-main.php","line":219}

Feb 15 2018 05:31:44
{"type":2,"message":"assert(): Assertion &quot;&quot; failed","file":"\/home3\/demo4zke\/public_html\/dev4\/makehappen\/wp-content\/plugins\/wp-dbase-cache\/wp-cache-main.php","line":219}

Feb 15 2018 05:31:51
{"type":2,"message":"assert(): Assertion &quot;&quot; failed","file":"\/home3\/demo4zke\/public_html\/dev4\/makehappen\/wp-content\/plugins\/wp-dbase-cache\/wp-cache-main.php","line":219}

Feb 15 2018 05:32:02
{"type":2,"message":"assert(): Assertion &quot;&quot; failed","file":"\/home3\/demo4zke\/public_html\/dev4\/makehappen\/wp-content\/plugins\/wp-dbase-cache\/wp-cache-main.php","line":219}

Feb 15 2018 05:32:13
{"type":2,"message":"assert(): Assertion &quot;&quot; failed","file":"\/home3\/demo4zke\/public_html\/dev4\/makehappen\/wp-content\/plugins\/wp-dbase-cache\/wp-cache-main.php","line":219}

Feb 15 2018 05:32:24
{"type":2,"message":"assert(): Assertion &quot;&quot; failed","file":"\/home3\/demo4zke\/public_html\/dev4\/makehappen\/wp-content\/plugins\/wp-dbase-cache\/wp-cache-main.php","line":219}

Feb 15 2018 05:32:35
{"type":2,"message":"assert(): Assertion &quot;&quot; failed","file":"\/home3\/demo4zke\/public_html\/dev4\/makehappen\/wp-content\/plugins\/wp-dbase-cache\/wp-cache-main.php","line":219}

Feb 15 2018 05:32:47
{"type":2,"message":"assert(): Assertion &quot;&quot; failed","file":"\/home3\/demo4zke\/public_html\/dev4\/makehappen\/wp-content\/plugins\/wp-dbase-cache\/wp-cache-main.php","line":219}

Feb 15 2018 05:32:59
{"type":2,"message":"assert(): Assertion &quot;&quot; failed","file":"\/home3\/demo4zke\/public_html\/dev4\/makehappen\/wp-content\/plugins\/wp-dbase-cache\/wp-cache-main.php","line":219}

Feb 15 2018 05:33:10
{"type":2,"message":"assert(): Assertion &quot;&quot; failed","file":"\/home3\/demo4zke\/public_html\/dev4\/makehappen\/wp-content\/plugins\/wp-dbase-cache\/wp-cache-main.php","line":219}

Feb 15 2018 05:33:21
{"type":2,"message":"assert(): Assertion &quot;&quot; failed","file":"\/home3\/demo4zke\/public_html\/dev4\/makehappen\/wp-content\/plugins\/wp-dbase-cache\/wp-cache-main.php","line":219}

Feb 15 2018 05:33:32
{"type":2,"message":"assert(): Assertion &quot;&quot; failed","file":"\/home3\/demo4zke\/public_html\/dev4\/makehappen\/wp-content\/plugins\/wp-dbase-cache\/wp-cache-main.php","line":219}

Feb 15 2018 05:33:43
{"type":2,"message":"assert(): Assertion &quot;&quot; failed","file":"\/home3\/demo4zke\/public_html\/dev4\/makehappen\/wp-content\/plugins\/wp-dbase-cache\/wp-cache-main.php","line":219}

Feb 15 2018 05:33:50
{"type":2,"message":"assert(): Assertion &quot;&quot; failed","file":"\/home3\/demo4zke\/public_html\/dev4\/makehappen\/wp-content\/plugins\/wp-dbase-cache\/wp-cache-main.php","line":219}

Feb 15 2018 05:33:52
{"type":2,"message":"assert(): Assertion &quot;&quot; failed","file":"\/home3\/demo4zke\/public_html\/dev4\/makehappen\/wp-content\/plugins\/wp-dbase-cache\/wp-cache-main.php","line":219}

Feb 15 2018 05:33:53
{"type":2,"message":"assert(): Assertion &quot;&quot; failed","file":"\/home3\/demo4zke\/public_html\/dev4\/makehappen\/wp-content\/plugins\/wp-dbase-cache\/wp-cache-main.php","line":219}

Feb 15 2018 05:33:54
{"type":2,"message":"assert(): Assertion &quot;&quot; failed","file":"\/home3\/demo4zke\/public_html\/dev4\/makehappen\/wp-content\/plugins\/wp-dbase-cache\/wp-cache-main.php","line":219}

Feb 15 2018 05:33:55
{"type":2,"message":"assert(): Assertion &quot;&quot; failed","file":"\/home3\/demo4zke\/public_html\/dev4\/makehappen\/wp-content\/plugins\/wp-dbase-cache\/wp-cache-main.php","line":219}

Feb 20 2018 10:52:56
{"type":2,"message":"assert(): Assertion &quot;&quot; failed","file":"\/home3\/demo4zke\/public_html\/dev4\/makehappen\/wp-content\/plugins\/wp-dbase-cache\/wp-cache-main.php","line":219}

Feb 20 2018 10:52:58
{"type":2,"message":"assert(): Assertion &quot;&quot; failed","file":"\/home3\/demo4zke\/public_html\/dev4\/makehappen\/wp-content\/plugins\/wp-dbase-cache\/wp-cache-main.php","line":219}

Feb 20 2018 10:52:59
{"type":2,"message":"assert(): Assertion &quot;&quot; failed","file":"\/home3\/demo4zke\/public_html\/dev4\/makehappen\/wp-content\/plugins\/wp-dbase-cache\/wp-cache-main.php","line":219}

Feb 20 2018 10:53:07
{"type":2,"message":"assert(): Assertion &quot;&quot; failed","file":"\/home3\/demo4zke\/public_html\/dev4\/makehappen\/wp-content\/plugins\/wp-dbase-cache\/wp-cache-main.php","line":219}

Feb 20 2018 10:53:19
{"type":2,"message":"assert(): Assertion &quot;&quot; failed","file":"\/home3\/demo4zke\/public_html\/dev4\/makehappen\/wp-content\/plugins\/wp-dbase-cache\/wp-cache-main.php","line":219}

Feb 20 2018 10:53:30
{"type":2,"message":"assert(): Assertion &quot;&quot; failed","file":"\/home3\/demo4zke\/public_html\/dev4\/makehappen\/wp-content\/plugins\/wp-dbase-cache\/wp-cache-main.php","line":219}

Feb 20 2018 10:53:41
{"type":2,"message":"assert(): Assertion &quot;&quot; failed","file":"\/home3\/demo4zke\/public_html\/dev4\/makehappen\/wp-content\/plugins\/wp-dbase-cache\/wp-cache-main.php","line":219}

Feb 20 2018 10:53:52
{"type":2,"message":"assert(): Assertion &quot;&quot; failed","file":"\/home3\/demo4zke\/public_html\/dev4\/makehappen\/wp-content\/plugins\/wp-dbase-cache\/wp-cache-main.php","line":219}

Feb 20 2018 10:54:03
{"type":2,"message":"assert(): Assertion &quot;&quot; failed","file":"\/home3\/demo4zke\/public_html\/dev4\/makehappen\/wp-content\/plugins\/wp-dbase-cache\/wp-cache-main.php","line":219}

Feb 20 2018 10:54:14
{"type":2,"message":"assert(): Assertion &quot;&quot; failed","file":"\/home3\/demo4zke\/public_html\/dev4\/makehappen\/wp-content\/plugins\/wp-dbase-cache\/wp-cache-main.php","line":219}

Feb 20 2018 10:54:25
{"type":2,"message":"assert(): Assertion &quot;&quot; failed","file":"\/home3\/demo4zke\/public_html\/dev4\/makehappen\/wp-content\/plugins\/wp-dbase-cache\/wp-cache-main.php","line":219}

Feb 20 2018 10:54:26
{"type":2,"message":"assert(): Assertion &quot;&quot; failed","file":"\/home3\/demo4zke\/public_html\/dev4\/makehappen\/wp-content\/plugins\/wp-dbase-cache\/wp-cache-main.php","line":219}

Feb 20 2018 10:54:27
{"type":2,"message":"assert(): Assertion &quot;&quot; failed","file":"\/home3\/demo4zke\/public_html\/dev4\/makehappen\/wp-content\/plugins\/wp-dbase-cache\/wp-cache-main.php","line":219}

Feb 20 2018 10:54:28
{"type":2,"message":"assert(): Assertion &quot;&quot; failed","file":"\/home3\/demo4zke\/public_html\/dev4\/makehappen\/wp-content\/plugins\/wp-dbase-cache\/wp-cache-main.php","line":219}

Feb 20 2018 10:54:29
{"type":2,"message":"assert(): Assertion &quot;&quot; failed","file":"\/home3\/demo4zke\/public_html\/dev4\/makehappen\/wp-content\/plugins\/wp-dbase-cache\/wp-cache-main.php","line":219}

Feb 20 2018 11:14:08
{"type":2,"message":"assert(): Assertion &quot;&quot; failed","file":"\/home3\/demo4zke\/public_html\/dev4\/makehappen\/wp-content\/plugins\/wp-dbase-cache\/wp-cache-main.php","line":219}

Feb 20 2018 11:14:20
{"type":2,"message":"assert(): Assertion &quot;&quot; failed","file":"\/home3\/demo4zke\/public_html\/dev4\/makehappen\/wp-content\/plugins\/wp-dbase-cache\/wp-cache-main.php","line":219}

Feb 20 2018 11:14:31
{"type":2,"message":"assert(): Assertion &quot;&quot; failed","file":"\/home3\/demo4zke\/public_html\/dev4\/makehappen\/wp-content\/plugins\/wp-dbase-cache\/wp-cache-main.php","line":219}

Feb 20 2018 11:14:44
{"type":2,"message":"assert(): Assertion &quot;&quot; failed","file":"\/home3\/demo4zke\/public_html\/dev4\/makehappen\/wp-content\/plugins\/wp-dbase-cache\/wp-cache-main.php","line":219}

Feb 20 2018 11:14:55
{"type":2,"message":"assert(): Assertion &quot;&quot; failed","file":"\/home3\/demo4zke\/public_html\/dev4\/makehappen\/wp-content\/plugins\/wp-dbase-cache\/wp-cache-main.php","line":219}

Feb 20 2018 11:14:56
{"type":2,"message":"assert(): Assertion &quot;&quot; failed","file":"\/home3\/demo4zke\/public_html\/dev4\/makehappen\/wp-content\/plugins\/wp-dbase-cache\/wp-cache-main.php","line":219}

Feb 20 2018 11:15:25
{"type":2,"message":"assert(): Assertion &quot;&quot; failed","file":"\/home3\/demo4zke\/public_html\/dev4\/makehappen\/wp-content\/plugins\/wp-dbase-cache\/wp-cache-main.php","line":219}

Feb 20 2018 11:15:26
{"type":2,"message":"assert(): Assertion &quot;&quot; failed","file":"\/home3\/demo4zke\/public_html\/dev4\/makehappen\/wp-content\/plugins\/wp-dbase-cache\/wp-cache-main.php","line":219}

Feb 20 2018 11:15:38
{"type":2,"message":"assert(): Assertion &quot;&quot; failed","file":"\/home3\/demo4zke\/public_html\/dev4\/makehappen\/wp-content\/plugins\/wp-dbase-cache\/wp-cache-main.php","line":219}

Feb 20 2018 11:15:50
{"type":2,"message":"assert(): Assertion &quot;&quot; failed","file":"\/home3\/demo4zke\/public_html\/dev4\/makehappen\/wp-content\/plugins\/wp-dbase-cache\/wp-cache-main.php","line":219}

Feb 20 2018 11:16:01
{"type":2,"message":"assert(): Assertion &quot;&quot; failed","file":"\/home3\/demo4zke\/public_html\/dev4\/makehappen\/wp-content\/plugins\/wp-dbase-cache\/wp-cache-main.php","line":219}

Feb 20 2018 11:16:13
{"type":2,"message":"assert(): Assertion &quot;&quot; failed","file":"\/home3\/demo4zke\/public_html\/dev4\/makehappen\/wp-content\/plugins\/wp-dbase-cache\/wp-cache-main.php","line":219}

Feb 20 2018 11:16:15
{"type":2,"message":"assert(): Assertion &quot;&quot; failed","file":"\/home3\/demo4zke\/public_html\/dev4\/makehappen\/wp-content\/plugins\/wp-dbase-cache\/wp-cache-main.php","line":219}

Feb 20 2018 11:16:17
{"type":2,"message":"assert(): Assertion &quot;&quot; failed","file":"\/home3\/demo4zke\/public_html\/dev4\/makehappen\/wp-content\/plugins\/wp-dbase-cache\/wp-cache-main.php","line":219}

Feb 20 2018 11:16:28
{"type":2,"message":"assert(): Assertion &quot;&quot; failed","file":"\/home3\/demo4zke\/public_html\/dev4\/makehappen\/wp-content\/plugins\/wp-dbase-cache\/wp-cache-main.php","line":219}

Feb 20 2018 11:16:31
{"type":2,"message":"include(): Failed opening '\/home3\/demo4zke\/public_html\/dev1\/peppermind\/wp-admin\/favicon_c89d94.ico' for inclusion (include_path='.:\/opt\/php56\/lib\/php')","file":"\/home3\/demo4zke\/public_html\/dev4\/makehappen\/wp-settings.php","line":17}

Feb 20 2018 11:16:32
{"type":2,"message":"assert(): Assertion &quot;&quot; failed","file":"\/home3\/demo4zke\/public_html\/dev4\/makehappen\/wp-content\/plugins\/wp-dbase-cache\/wp-cache-main.php","line":219}

